<?xml version="1.0" encoding="UTF-8"?>
<testng-results ignored="0" total="2" passed="2" failed="0" skipped="0">
  <reporter-output>
  </reporter-output>
  <suite started-at="2023-12-02T19:16:49 AST" name="Default suite" finished-at="2023-12-02T19:16:56 AST" duration-ms="6831">
    <groups>
    </groups>
    <test started-at="2023-12-02T19:16:49 AST" name="Default test" finished-at="2023-12-02T19:16:56 AST" duration-ms="6831">
      <class name="FlightTest">
        <test-method is-config="true" signature="requestBuilder()[pri:0, instance:FlightTest@1a482e36]" started-at="2023-12-02T19:16:49 AST" name="requestBuilder" finished-at="2023-12-02T19:16:49 AST" duration-ms="492" status="PASS">
          <reporter-output>
          </reporter-output>
        </test-method> <!-- requestBuilder -->
        <test-method signature="getFlight()[pri:0, instance:FlightTest@1a482e36]" started-at="2023-12-02T19:16:49 AST" name="getFlight" finished-at="2023-12-02T19:16:54 AST" duration-ms="4425" status="PASS">
          <reporter-output>
          </reporter-output>
        </test-method> <!-- getFlight -->
        <test-method signature="postFlight()[pri:0, instance:FlightTest@1a482e36]" started-at="2023-12-02T19:16:54 AST" name="postFlight" finished-at="2023-12-02T19:16:56 AST" duration-ms="1878" status="PASS">
          <reporter-output>
          </reporter-output>
        </test-method> <!-- postFlight -->
      </class> <!-- FlightTest -->
    </test> <!-- Default test -->
  </suite> <!-- Default suite -->
</testng-results>
